<?xml version="1.0" encoding="UTF-8"?>
<!-- Generated by org.testng.reporters.JUnitReportReporter -->
<testsuite hostname="MI-20151053087" failures="1" tests="10" name="testng.framework.concepts.AppCommons" time="0.091" errors="0" timestamp="2025-11-27T14:27:55 IST" skipped="3">
  <testcase classname="testng.framework.concepts.AppCommons" name="verifyAccountBalance" time="0.006"/>
  <testcase classname="testng.framework.concepts.AppCommons" name="verifyAccountBalance" time="0.018"/>
  <testcase classname="testng.framework.concepts.AppCommons" name="verifyAccountBalance" time="0.006"/>
  <testcase classname="testng.framework.concepts.AppCommons" name="verifyFundTransfer" time="0.018">
    <skipped/>
  </testcase> <!-- verifyFundTransfer -->
  <testcase classname="testng.framework.concepts.AppCommons" name="verifyFundTransfer" time="0.005">
    <skipped/>
  </testcase> <!-- verifyFundTransfer -->
  <testcase classname="testng.framework.concepts.AppCommons" name="verifyFundTransfer" time="0.004">
    <failure message="Intentional failure to test RetryAnalyzer behaviour" type="java.lang.AssertionError">
      <![CDATA[java.lang.AssertionError: Intentional failure to test RetryAnalyzer behaviour
at org.testng.Assert.fail(Assert.java:111)
at testng.framework.concepts.AppCommons.verifyFundTransfer(AppCommons.java:36)
at java.base/jdk.internal.reflect.DirectMethodHandleAccessor.invoke(DirectMethodHandleAccessor.java:103)
at java.base/java.lang.reflect.Method.invoke(Method.java:580)
at org.testng.internal.invokers.MethodInvocationHelper.invokeMethod(MethodInvocationHelper.java:141)
at org.testng.internal.invokers.InvokeMethodRunnable.runOne(InvokeMethodRunnable.java:47)
at org.testng.internal.invokers.InvokeMethodRunnable.call(InvokeMethodRunnable.java:76)
at org.testng.internal.invokers.InvokeMethodRunnable.call(InvokeMethodRunnable.java:11)
at java.base/java.util.concurrent.FutureTask.run(FutureTask.java:317)
at java.base/java.util.concurrent.ThreadPoolExecutor.runWorker(ThreadPoolExecutor.java:1144)
at java.base/java.util.concurrent.ThreadPoolExecutor$Worker.run(ThreadPoolExecutor.java:642)
at java.base/java.lang.Thread.run(Thread.java:1583)
]]>
    </failure>
  </testcase> <!-- verifyFundTransfer -->
  <testcase classname="testng.framework.concepts.AppCommons" name="calculateEMI" time="0.005"/>
  <testcase classname="testng.framework.concepts.AppCommons" name="calculateEMI" time="0.026"/>
  <testcase classname="testng.framework.concepts.AppCommons" name="calculateEMI" time="0.003"/>
  <testcase classname="testng.framework.concepts.AppCommons" name="verifyLoanBalance">
    <skipped/>
  </testcase> <!-- verifyLoanBalance -->
</testsuite> <!-- testng.framework.concepts.AppCommons -->
